{"name": "Random Scenario three", "status": "failed", "statusDetails": {"message": "selenium.common.exceptions.NoSuchElementException: Message: no such element: Unable to locate element: {\"method\":\"xpath\",\"selector\":\"//*[text()='Documentation']\"}\n  (Session info: chrome=117.0.5938.149); For documentation on this error, please visit: https://www.selenium.dev/documentation/webdriver/troubleshooting/errors#no-such-element-exception\nStacktrace:\n0   chromedriver                        0x0000000104f9ed68 chromedriver + 4337000\n1   chromedriver                        0x0000000104f96de4 chromedriver + 4304356\n2   chromedriver                        0x0000000104bc3a5c chromedriver + 293468\n3   chromedriver                        0x0000000104c08d50 chromedriver + 576848\n4   chromedriver                        0x0000000104c43908 chromedriver + 817416\n5   chromedriver                        0x0000000104bfca5c chromedriver + 526940\n6   chromedriver                        0x0000000104bfd908 chromedriver + 530696\n7   chromedriver                        0x0000000104f64db4 chromedriver + 4099508\n8   chromedriver                        0x0000000104f69270 chromedriver + 4117104\n9   chromedriver                        0x0000000104f6f4fc chromedriver + 4142332\n10  chromedriver                        0x0000000104f69d70 chromedriver + 4119920\n11  chromedriver                        0x0000000104f41a44 chromedriver + 3955268\n12  chromedriver                        0x0000000104f86a18 chromedriver + 4237848\n13  chromedriver                        0x0000000104f86b94 chromedriver + 4238228\n14  chromedriver                        0x0000000104f96a5c chromedriver + 4303452\n15  libsystem_pthread.dylib             0x00000001a1627fa8 _pthread_start + 148\n16  libsystem_pthread.dylib             0x00000001a1622da0 thread_start + 8", "trace": ".0 = <list_iterator object at 0x103615160>\n\n>   kwargs = {arg: kwargs[arg] if arg in kwargs else request.getfixturevalue(arg) for arg in args}\n\n../venv/lib/python3.9/site-packages/pytest_bdd/scenario.py:154: \n_ _ _ _ _ _ _ _ _ _ _ _ _ _ _ _ _ _ _ _ _ _ _ _ _ _ _ _ _ _ _ _ _ _ _ _ _ _ _ _ \n../venv/lib/python3.9/site-packages/_pytest/fixtures.py:585: in getfixturevalue\n    fixturedef = self._get_active_fixturedef(argname)\n../venv/lib/python3.9/site-packages/_pytest/fixtures.py:607: in _get_active_fixturedef\n    self._compute_fixture_value(fixturedef)\n../venv/lib/python3.9/site-packages/_pytest/fixtures.py:693: in _compute_fixture_value\n    fixturedef.execute(request=subrequest)\n../venv/lib/python3.9/site-packages/_pytest/fixtures.py:1069: in execute\n    result = ihook.pytest_fixture_setup(fixturedef=self, request=request)\n../venv/lib/python3.9/site-packages/pluggy/_hooks.py:493: in __call__\n    return self._hookexec(self.name, self._hookimpls, kwargs, firstresult)\n../venv/lib/python3.9/site-packages/pluggy/_manager.py:115: in _hookexec\n    return self._inner_hookexec(hook_name, methods, kwargs, firstresult)\n../venv/lib/python3.9/site-packages/_pytest/fixtures.py:1123: in pytest_fixture_setup\n    result = call_fixture_func(fixturefunc, request, kwargs)\n../venv/lib/python3.9/site-packages/_pytest/fixtures.py:902: in call_fixture_func\n    fixture_result = fixturefunc(**kwargs)\n../conftest.py:119: in navigate_to_dashboards_page\n    dashboards_page = DashboardsPage(driver)\n../src/genesis/pages/dashboard.py:10: in __init__\n    BaseClass.is_page_loaded(By.XPATH, self.__documentation_locator, self.driver)\n../src/base/base_class.py:353: in is_page_loaded\n    raise error\n../src/base/base_class.py:343: in is_page_loaded\n    element = driver.find_element(by, web_element)\n../venv/lib/python3.9/site-packages/selenium/webdriver/remote/webdriver.py:738: in find_element\n    return self.execute(Command.FIND_ELEMENT, {\"using\": by, \"value\": value})[\"value\"]\n../venv/lib/python3.9/site-packages/selenium/webdriver/remote/webdriver.py:344: in execute\n    self.error_handler.check_response(response)\n_ _ _ _ _ _ _ _ _ _ _ _ _ _ _ _ _ _ _ _ _ _ _ _ _ _ _ _ _ _ _ _ _ _ _ _ _ _ _ _ \n\nself = <selenium.webdriver.remote.errorhandler.ErrorHandler object at 0x103615880>\nresponse = {'status': 404, 'value': '{\"value\":{\"error\":\"no such element\",\"message\":\"no such element: Unable to locate element: {\\...0001a1627fa8 _pthread_start + 148\\\\n16  libsystem_pthread.dylib             0x00000001a1622da0 thread_start + 8\\\\n\"}}'}\n\n    def check_response(self, response: Dict[str, Any]) -> None:\n        \"\"\"Checks that a JSON response from the WebDriver does not have an\n        error.\n    \n        :Args:\n         - response - The JSON response from the WebDriver server as a dictionary\n           object.\n    \n        :Raises: If the response contains an error message.\n        \"\"\"\n        status = response.get(\"status\", None)\n        if not status or status == ErrorCode.SUCCESS:\n            return\n        value = None\n        message = response.get(\"message\", \"\")\n        screen: str = response.get(\"screen\", \"\")\n        stacktrace = None\n        if isinstance(status, int):\n            value_json = response.get(\"value\", None)\n            if value_json and isinstance(value_json, str):\n                import json\n    \n                try:\n                    value = json.loads(value_json)\n                    if len(value) == 1:\n                        value = value[\"value\"]\n                    status = value.get(\"error\", None)\n                    if not status:\n                        status = value.get(\"status\", ErrorCode.UNKNOWN_ERROR)\n                        message = value.get(\"value\") or value.get(\"message\")\n                        if not isinstance(message, str):\n                            value = message\n                            message = message.get(\"message\")\n                    else:\n                        message = value.get(\"message\", None)\n                except ValueError:\n                    pass\n    \n        exception_class: Type[WebDriverException]\n        e = ErrorCode()\n        error_codes = [item for item in dir(e) if not item.startswith(\"__\")]\n        for error_code in error_codes:\n            error_info = getattr(ErrorCode, error_code)\n            if isinstance(error_info, list) and status in error_info:\n                exception_class = getattr(ExceptionMapping, error_code, WebDriverException)\n                break\n        else:\n            exception_class = WebDriverException\n    \n        if not value:\n            value = response[\"value\"]\n        if isinstance(value, str):\n            raise exception_class(value)\n        if message == \"\" and \"message\" in value:\n            message = value[\"message\"]\n    \n        screen = None  # type: ignore[assignment]\n        if \"screen\" in value:\n            screen = value[\"screen\"]\n    \n        stacktrace = None\n        st_value = value.get(\"stackTrace\") or value.get(\"stacktrace\")\n        if st_value:\n            if isinstance(st_value, str):\n                stacktrace = st_value.split(\"\\n\")\n            else:\n                stacktrace = []\n                try:\n                    for frame in st_value:\n                        line = frame.get(\"lineNumber\", \"\")\n                        file = frame.get(\"fileName\", \"<anonymous>\")\n                        if line:\n                            file = f\"{file}:{line}\"\n                        meth = frame.get(\"methodName\", \"<anonymous>\")\n                        if \"className\" in frame:\n                            meth = f\"{frame['className']}.{meth}\"\n                        msg = \"    at %s (%s)\"\n                        msg = msg % (meth, file)\n                        stacktrace.append(msg)\n                except TypeError:\n                    pass\n        if exception_class == UnexpectedAlertPresentException:\n            alert_text = None\n            if \"data\" in value:\n                alert_text = value[\"data\"].get(\"text\")\n            elif \"alert\" in value:\n                alert_text = value[\"alert\"].get(\"text\")\n            raise exception_class(message, screen, stacktrace, alert_text)  # type: ignore[call-arg]  # mypy is not smart enough here\n>       raise exception_class(message, screen, stacktrace)\nE       selenium.common.exceptions.NoSuchElementException: Message: no such element: Unable to locate element: {\"method\":\"xpath\",\"selector\":\"//*[text()='Documentation']\"}\nE         (Session info: chrome=117.0.5938.149); For documentation on this error, please visit: https://www.selenium.dev/documentation/webdriver/troubleshooting/errors#no-such-element-exception\nE       Stacktrace:\nE       0   chromedriver                        0x0000000104f9ed68 chromedriver + 4337000\nE       1   chromedriver                        0x0000000104f96de4 chromedriver + 4304356\nE       2   chromedriver                        0x0000000104bc3a5c chromedriver + 293468\nE       3   chromedriver                        0x0000000104c08d50 chromedriver + 576848\nE       4   chromedriver                        0x0000000104c43908 chromedriver + 817416\nE       5   chromedriver                        0x0000000104bfca5c chromedriver + 526940\nE       6   chromedriver                        0x0000000104bfd908 chromedriver + 530696\nE       7   chromedriver                        0x0000000104f64db4 chromedriver + 4099508\nE       8   chromedriver                        0x0000000104f69270 chromedriver + 4117104\nE       9   chromedriver                        0x0000000104f6f4fc chromedriver + 4142332\nE       10  chromedriver                        0x0000000104f69d70 chromedriver + 4119920\nE       11  chromedriver                        0x0000000104f41a44 chromedriver + 3955268\nE       12  chromedriver                        0x0000000104f86a18 chromedriver + 4237848\nE       13  chromedriver                        0x0000000104f86b94 chromedriver + 4238228\nE       14  chromedriver                        0x0000000104f96a5c chromedriver + 4303452\nE       15  libsystem_pthread.dylib             0x00000001a1627fa8 _pthread_start + 148\nE       16  libsystem_pthread.dylib             0x00000001a1622da0 thread_start + 8\n\n../venv/lib/python3.9/site-packages/selenium/webdriver/remote/errorhandler.py:229: NoSuchElementException"}, "description": "Random Scenario three", "steps": [{"name": "Given I want to do something three", "status": "failed", "statusDetails": {"message": "Message: no such element: Unable to locate element: {\"method\":\"xpath\",\"selector\":\"//*[text()='Documentation']\"}\n  (Session info: chrome=117.0.5938.149); For documentation on this error, please visit: https://www.selenium.dev/documentation/webdriver/troubleshooting/errors#no-such-element-exception\nStacktrace:\n0   chromedriver                        0x0000000104f9ed68 chromedriver + 4337000\n1   chromedriver                        0x0000000104f96de4 chromedriver + 4304356\n2   chromedriver                        0x0000000104bc3a5c chromedriver + 293468\n3   chromedriver                        0x0000000104c08d50 chromedriver + 576848\n4   chromedriver                        0x0000000104c43908 chromedriver + 817416\n5   chromedriver                        0x0000000104bfca5c chromedriver + 526940\n6   chromedriver                        0x0000000104bfd908 chromedriver + 530696\n7   chromedriver                        0x0000000104f64db4 chromedriver + 4099508\n8   chromedriver                        0x0000000104f69270 chromedriver + 4117104\n9   chromedriver                        0x0000000104f6f4fc chromedriver + 4142332\n10  chromedriver                        0x0000000104f69d70 chromedriver + 4119920\n11  chromedriver                        0x0000000104f41a44 chromedriver + 3955268\n12  chromedriver                        0x0000000104f86a18 chromedriver + 4237848\n13  chromedriver                        0x0000000104f86b94 chromedriver + 4238228\n14  chromedriver                        0x0000000104f96a5c chromedriver + 4303452\n15  libsystem_pthread.dylib             0x00000001a1627fa8 _pthread_start + 148\n16  libsystem_pthread.dylib             0x00000001a1622da0 thread_start + 8\n", "trace": "selenium.common.exceptions.NoSuchElementException: Message: no such element: Unable to locate element: {\"method\":\"xpath\",\"selector\":\"//*[text()='Documentation']\"}\n  (Session info: chrome=117.0.5938.149); For documentation on this error, please visit: https://www.selenium.dev/documentation/webdriver/troubleshooting/errors#no-such-element-exception\nStacktrace:\n0   chromedriver                        0x0000000104f9ed68 chromedriver + 4337000\n1   chromedriver                        0x0000000104f96de4 chromedriver + 4304356\n2   chromedriver                        0x0000000104bc3a5c chromedriver + 293468\n3   chromedriver                        0x0000000104c08d50 chromedriver + 576848\n4   chromedriver                        0x0000000104c43908 chromedriver + 817416\n5   chromedriver                        0x0000000104bfca5c chromedriver + 526940\n6   chromedriver                        0x0000000104bfd908 chromedriver + 530696\n7   chromedriver                        0x0000000104f64db4 chromedriver + 4099508\n8   chromedriver                        0x0000000104f69270 chromedriver + 4117104\n9   chromedriver                        0x0000000104f6f4fc chromedriver + 4142332\n10  chromedriver                        0x0000000104f69d70 chromedriver + 4119920\n11  chromedriver                        0x0000000104f41a44 chromedriver + 3955268\n12  chromedriver                        0x0000000104f86a18 chromedriver + 4237848\n13  chromedriver                        0x0000000104f86b94 chromedriver + 4238228\n14  chromedriver                        0x0000000104f96a5c chromedriver + 4303452\n15  libsystem_pthread.dylib             0x00000001a1627fa8 _pthread_start + 148\n16  libsystem_pthread.dylib             0x00000001a1622da0 thread_start + 8\n\n"}, "start": 1696769011637, "stop": 1696769011801}], "attachments": [{"name": "screenshot", "source": "80b9bd0a-f93a-433b-bfb0-25129f74d2e1-attachment.png", "type": "image/png"}, {"name": "log", "source": "ce7fd5c0-1066-4eed-9d0f-eb80cb7c401d-attachment.txt", "type": "text/plain"}], "start": 1696769011637, "stop": 1696769011801, "uuid": "8a1a7a23-eb58-bf18-7479-2fb205993a65", "historyId": "8a1a7a23eb58bf1874792fb205993a65", "fullName": "tests/features/third_feature.feature:Random Scenario three", "labels": [{"name": "host", "value": "GDCMB-104.ultrahub"}, {"name": "thread", "value": "39863-MainThread"}, {"name": "framework", "value": "pytest-bdd"}, {"name": "language", "value": "cpython3"}, {"name": "feature", "value": "Sample feature three"}, {"name": "tag", "value": "usefixtures"}, {"name": "tag", "value": "2108"}], "links": [{"type": "tms", "url": "https://gdcgroup.testrail.io/index.php?/cases/view/2108", "name": "https://gdcgroup.testrail.io/index.php?/cases/view/2108"}]}